{
  "RSpec": {
    "coverage": {
      "/Users/rsmoke/RailsApps/lsa_evaluate/app/models/user.rb": {
        "lines": [
          null,
          null,
          null,
          null,
          null,
          null,
          null,
          null,
          null,
          null,
          null,
          null,
          null,
          null,
          null,
          null,
          null,
          null,
          null,
          null,
          null,
          null,
          null,
          null,
          null,
          null,
          null,
          null,
          null,
          null,
          null,
          null,
          null,
          null,
          null,
          null,
          1,
          null,
          null,
          1,
          null,
          null,
          null,
          null,
          1,
          1,
          null,
          1,
          1,
          1,
          1,
          1,
          1,
          1,
          1,
          null,
          1,
          1,
          null,
          1,
          65,
          65,
          null,
          0,
          null,
          null,
          null,
          null,
          1,
          139,
          null,
          null,
          1,
          0,
          null,
          null,
          1,
          0,
          null,
          null,
          1,
          129,
          null,
          null,
          1,
          0,
          null,
          null,
          1,
          0,
          null,
          null,
          1,
          82,
          82,
          null,
          null,
          1,
          14,
          null,
          null,
          1,
          7,
          null,
          null,
          1,
          31,
          91,
          null,
          1,
          null,
          null,
          null,
          1,
          7,
          null,
          null,
          1,
          1,
          1,
          null,
          0,
          null,
          null,
          null
        ]
      },
      "/Users/rsmoke/RailsApps/lsa_evaluate/app/models/application_record.rb": {
        "lines": [
          null,
          null,
          1,
          1,
          null
        ]
      },
      "/Users/rsmoke/RailsApps/lsa_evaluate/lib/custom_failure.rb": {
        "lines": [
          null,
          1,
          1,
          2,
          0,
          null,
          2,
          null,
          null,
          null,
          1,
          0,
          0,
          null,
          0,
          null,
          null,
          null
        ]
      },
      "/Users/rsmoke/RailsApps/lsa_evaluate/app/helpers/applicant_dashboard_helper.rb": {
        "lines": [
          1,
          1,
          0,
          0,
          0,
          null,
          null,
          null,
          null,
          null,
          0,
          null,
          null,
          null
        ]
      },
      "/Users/rsmoke/RailsApps/lsa_evaluate/app/helpers/application_helper.rb": {
        "lines": [
          null,
          null,
          1,
          null,
          1,
          24,
          24,
          null,
          null,
          4,
          null,
          null,
          4,
          null,
          2,
          2,
          null,
          null,
          2,
          null,
          null,
          2,
          null,
          null,
          null,
          1,
          0,
          null,
          null,
          1,
          0,
          null,
          null,
          1,
          1,
          0,
          null,
          1,
          null,
          null,
          null,
          1,
          0,
          0,
          0,
          0,
          null,
          0,
          null,
          null,
          null,
          null,
          null,
          null,
          null,
          null
        ]
      },
      "/Users/rsmoke/RailsApps/lsa_evaluate/app/helpers/contest_descriptions_helper.rb": {
        "lines": [
          1,
          1,
          1,
          1,
          1,
          1,
          1,
          1,
          1,
          1,
          null,
          1,
          null,
          1,
          null,
          1,
          null,
          null
        ]
      },
      "/Users/rsmoke/RailsApps/lsa_evaluate/app/helpers/contest_instances_helper.rb": {
        "lines": [
          1,
          1,
          0,
          0,
          null,
          null,
          null,
          null,
          null,
          null
        ]
      },
      "/Users/rsmoke/RailsApps/lsa_evaluate/app/helpers/entries_helper.rb": {
        "lines": [
          1,
          1,
          0,
          0,
          null,
          0,
          null,
          null,
          null,
          1,
          0,
          0,
          null,
          0,
          null,
          null,
          null
        ]
      },
      "/Users/rsmoke/RailsApps/lsa_evaluate/app/helpers/errors_helper.rb": {
        "lines": [
          1,
          null
        ]
      },
      "/Users/rsmoke/RailsApps/lsa_evaluate/app/helpers/judging_assignments_helper.rb": {
        "lines": [
          1,
          1,
          13,
          9,
          9,
          9,
          null,
          4,
          null,
          null,
          null
        ]
      },
      "/Users/rsmoke/RailsApps/lsa_evaluate/app/helpers/users/omniauth_callbacks_helper.rb": {
        "lines": [
          null,
          null,
          1,
          1,
          null,
          null
        ]
      },
      "/Users/rsmoke/RailsApps/lsa_evaluate/app/helpers/users/sessions_helper.rb": {
        "lines": [
          null,
          null,
          1,
          1,
          null,
          null
        ]
      },
      "/Users/rsmoke/RailsApps/lsa_evaluate/app/controllers/applicant_dashboard_controller.rb": {
        "lines": [
          null,
          1,
          1,
          null,
          1,
          1,
          1,
          1,
          1,
          null,
          null,
          0,
          0,
          0,
          null,
          0,
          0,
          0,
          null,
          0,
          null,
          0,
          0,
          null,
          null,
          0,
          null,
          0,
          0,
          0,
          null,
          null,
          null
        ]
      },
      "/Users/rsmoke/RailsApps/lsa_evaluate/app/controllers/application_controller.rb": {
        "lines": [
          null,
          1,
          1,
          1,
          1,
          null,
          null,
          1,
          67,
          67,
          13,
          13,
          null,
          null,
          null,
          null,
          null,
          null,
          1,
          null,
          1,
          null,
          1,
          3,
          1,
          null,
          2,
          null,
          null,
          null,
          1,
          0,
          null,
          null,
          1,
          null,
          null,
          1,
          72,
          null,
          null,
          4,
          null,
          0,
          0,
          null,
          null,
          null,
          1,
          4,
          4,
          4,
          null,
          4,
          4,
          null,
          null,
          4,
          null,
          null,
          null,
          1,
          0,
          0,
          null,
          null
        ]
      },
      "/Users/rsmoke/RailsApps/lsa_evaluate/app/controllers/concerns/available_contests_concern.rb": {
        "lines": [
          1,
          1,
          null,
          1,
          null,
          1,
          0,
          null,
          null,
          null,
          null,
          null,
          null,
          null,
          null,
          0,
          0,
          null,
          null,
          0,
          0,
          null,
          null,
          null,
          null,
          0,
          0,
          null,
          null,
          null
        ]
      },
      "/Users/rsmoke/RailsApps/lsa_evaluate/app/controllers/entry_rankings_controller.rb": {
        "lines": [
          1,
          1,
          1,
          1,
          1,
          1,
          1,
          1,
          null,
          1,
          5,
          5,
          5,
          null,
          5,
          1,
          null,
          4,
          null,
          null,
          null,
          1,
          3,
          1,
          1,
          null,
          2,
          null,
          null,
          null,
          1,
          null,
          1,
          4,
          null,
          null,
          1,
          8,
          3,
          null,
          5,
          null,
          null,
          0,
          null,
          0,
          null,
          null,
          1,
          10,
          10,
          null,
          1,
          1,
          null,
          null,
          1,
          8,
          8,
          null,
          8,
          0,
          0,
          null,
          8,
          null,
          null,
          1,
          8,
          8,
          null,
          8,
          0,
          0,
          null,
          8,
          null,
          null,
          1,
          13,
          3,
          null,
          null,
          null,
          null,
          null,
          10,
          null,
          null,
          null,
          null,
          null,
          null,
          null,
          null,
          0,
          null,
          null,
          1,
          10,
          1,
          1,
          null,
          9,
          null,
          null
        ]
      },
      "/Users/rsmoke/RailsApps/lsa_evaluate/app/controllers/judging_assignments_controller.rb": {
        "lines": [
          1,
          1,
          1,
          1,
          null,
          1,
          10,
          10,
          null,
          null,
          null,
          1,
          0,
          null,
          0,
          0,
          null,
          null,
          null,
          0,
          null,
          null,
          null,
          null,
          null,
          1,
          1,
          1,
          null,
          null,
          null,
          null,
          1,
          7,
          null,
          null,
          7,
          1,
          null,
          null,
          1,
          null,
          null,
          null,
          6,
          1,
          null,
          null,
          1,
          null,
          null,
          null,
          5,
          5,
          1,
          null,
          4,
          4,
          null,
          null,
          null,
          5,
          5,
          0,
          null,
          null,
          0,
          null,
          null,
          5,
          5,
          null,
          5,
          null,
          null,
          5,
          null,
          null,
          null,
          null,
          null,
          null,
          null,
          null,
          5,
          null,
          5,
          null,
          null,
          5,
          null,
          null,
          5,
          null,
          5,
          5,
          null,
          0,
          0,
          null,
          null,
          0,
          0,
          null,
          null,
          0,
          0,
          null,
          0,
          0,
          null,
          null,
          null,
          5,
          5,
          null,
          null,
          null,
          0,
          null,
          null,
          null,
          null,
          null,
          1,
          null,
          1,
          18,
          18,
          18,
          null,
          null,
          1,
          1,
          null,
          null,
          1,
          18,
          null,
          null,
          1,
          0,
          null,
          null
        ]
      },
      "/Users/rsmoke/RailsApps/lsa_evaluate/app/controllers/judging_rounds_controller.rb": {
        "lines": [
          1,
          1,
          1,
          1,
          1,
          null,
          1,
          0,
          0,
          null,
          null,
          1,
          null,
          null,
          1,
          0,
          0,
          null,
          0,
          0,
          null,
          null,
          null,
          0,
          0,
          null,
          null,
          null,
          1,
          6,
          1,
          1,
          1,
          1,
          null,
          null,
          5,
          3,
          null,
          null,
          null,
          2,
          2,
          null,
          null,
          null,
          1,
          null,
          1,
          11,
          11,
          11,
          null,
          null,
          1,
          11,
          null,
          null,
          1,
          11,
          null,
          null,
          1,
          5,
          null,
          null,
          null,
          null,
          null,
          null,
          null,
          null,
          null,
          null,
          1,
          14,
          null,
          null,
          1,
          9,
          null,
          null
        ]
      },
      "/Users/rsmoke/RailsApps/lsa_evaluate/app/models/address.rb": {
        "lines": [
          null,
          null,
          null,
          null,
          null,
          null,
          null,
          null,
          null,
          null,
          null,
          null,
          null,
          null,
          null,
          null,
          null,
          null,
          null,
          null,
          null,
          null,
          null,
          null,
          null,
          null,
          null,
          null,
          1,
          1,
          1,
          1,
          null,
          1,
          null,
          null,
          null,
          1,
          null,
          null,
          null,
          null,
          null,
          null,
          null,
          null,
          null,
          null,
          null,
          null,
          null,
          null,
          null,
          null,
          null,
          null,
          null,
          null,
          null,
          null,
          null,
          null,
          null,
          null,
          null,
          null,
          null,
          null,
          null,
          null,
          null,
          null,
          null,
          null,
          null,
          null,
          null,
          null,
          null,
          null,
          null,
          null,
          null,
          null,
          null,
          null,
          null,
          null,
          null,
          null,
          null,
          null,
          null,
          null,
          1,
          0,
          null,
          null,
          1,
          0,
          0,
          null,
          null,
          1,
          0,
          0,
          null,
          null
        ]
      },
      "/Users/rsmoke/RailsApps/lsa_evaluate/app/models/address_type.rb": {
        "lines": [
          null,
          null,
          null,
          null,
          null,
          null,
          null,
          null,
          null,
          null,
          null,
          null,
          null,
          null,
          null,
          1,
          1,
          1,
          null
        ]
      },
      "/Users/rsmoke/RailsApps/lsa_evaluate/app/models/affiliation.rb": {
        "lines": [
          null,
          null,
          null,
          null,
          null,
          null,
          null,
          null,
          null,
          null,
          null,
          null,
          null,
          null,
          null,
          null,
          null,
          null,
          null,
          1,
          1,
          1,
          null
        ]
      },
      "/Users/rsmoke/RailsApps/lsa_evaluate/app/models/campus.rb": {
        "lines": [
          null,
          null,
          null,
          null,
          null,
          null,
          null,
          null,
          null,
          null,
          null,
          null,
          null,
          null,
          null,
          null,
          null,
          1,
          1,
          null,
          1,
          1,
          null
        ]
      },
      "/Users/rsmoke/RailsApps/lsa_evaluate/app/models/category.rb": {
        "lines": [
          null,
          null,
          null,
          null,
          null,
          null,
          null,
          null,
          null,
          null,
          null,
          null,
          null,
          null,
          1,
          1,
          1,
          1,
          1,
          null,
          1,
          null
        ]
      },
      "/Users/rsmoke/RailsApps/lsa_evaluate/app/models/class_level.rb": {
        "lines": [
          null,
          null,
          null,
          null,
          null,
          null,
          null,
          null,
          null,
          null,
          1,
          1,
          1,
          null,
          1,
          1,
          null
        ]
      },
      "/Users/rsmoke/RailsApps/lsa_evaluate/app/models/container.rb": {
        "lines": [
          null,
          null,
          null,
          null,
          null,
          null,
          null,
          null,
          null,
          null,
          null,
          null,
          null,
          null,
          null,
          null,
          null,
          null,
          null,
          null,
          null,
          null,
          null,
          null,
          1,
          1,
          1,
          1,
          1,
          1,
          1,
          null,
          1,
          null,
          1,
          null,
          1,
          1,
          null,
          1,
          1,
          1,
          null,
          1,
          null,
          1,
          null,
          1,
          null,
          1,
          186,
          1,
          null,
          1,
          1,
          1,
          0,
          null,
          null,
          0,
          0,
          null,
          null,
          null
        ]
      },
      "/Users/rsmoke/RailsApps/lsa_evaluate/app/models/contest_description.rb": {
        "lines": [
          null,
          null,
          null,
          null,
          null,
          null,
          null,
          null,
          null,
          null,
          null,
          null,
          null,
          null,
          null,
          null,
          null,
          null,
          null,
          null,
          null,
          null,
          1,
          1,
          1,
          null,
          1,
          1,
          null,
          null,
          null,
          1,
          1,
          null,
          3,
          3,
          null
        ]
      },
      "/Users/rsmoke/RailsApps/lsa_evaluate/app/models/contest_instance.rb": {
        "lines": [
          null,
          null,
          null,
          null,
          null,
          null,
          null,
          null,
          null,
          null,
          null,
          null,
          null,
          null,
          null,
          null,
          null,
          null,
          null,
          null,
          null,
          null,
          null,
          null,
          null,
          null,
          null,
          null,
          null,
          null,
          null,
          null,
          null,
          null,
          null,
          1,
          1,
          1,
          1,
          1,
          1,
          1,
          1,
          1,
          1,
          1,
          3,
          null,
          null,
          null,
          null,
          1,
          0,
          null,
          null,
          null,
          null,
          1,
          4,
          null,
          null,
          1,
          0,
          null,
          null,
          null,
          1,
          7,
          null,
          null,
          null,
          null,
          null,
          7,
          null,
          null,
          1,
          1,
          1,
          1,
          1,
          1,
          1,
          1,
          1,
          1,
          1,
          1,
          1,
          null,
          1,
          0,
          null,
          null,
          1,
          7,
          null,
          null,
          1,
          2,
          null,
          null,
          null,
          null,
          null,
          1,
          0,
          null,
          null,
          1,
          1,
          0,
          null,
          0,
          0,
          null,
          null,
          0,
          null,
          null,
          null,
          1,
          0,
          null,
          0,
          0,
          null,
          0,
          0,
          null,
          null,
          null,
          null,
          null,
          null,
          null,
          null,
          null,
          1,
          0,
          null,
          null,
          1,
          0,
          null,
          null,
          1,
          0,
          null,
          null,
          1,
          16,
          15,
          null,
          null,
          1,
          4,
          3,
          null,
          null,
          1,
          null,
          1,
          189,
          1,
          null,
          null,
          null,
          1,
          189,
          1,
          null,
          null,
          null,
          1,
          189,
          1,
          null,
          null,
          null,
          1,
          189,
          1,
          null,
          null,
          null
        ]
      },
      "/Users/rsmoke/RailsApps/lsa_evaluate/app/models/department.rb": {
        "lines": [
          null,
          null,
          null,
          null,
          null,
          null,
          null,
          null,
          null,
          null,
          null,
          1,
          1,
          null,
          1,
          1,
          null,
          1,
          0,
          null,
          null
        ]
      },
      "/Users/rsmoke/RailsApps/lsa_evaluate/app/models/editable_content.rb": {
        "lines": [
          null,
          null,
          null,
          null,
          null,
          null,
          null,
          null,
          null,
          null,
          null,
          null,
          null,
          null,
          null,
          null,
          1,
          1,
          1,
          1,
          null,
          1,
          0,
          null,
          null
        ]
      },
      "/Users/rsmoke/RailsApps/lsa_evaluate/app/models/entry_ranking.rb": {
        "lines": [
          null,
          null,
          null,
          null,
          null,
          null,
          null,
          null,
          null,
          null,
          null,
          null,
          null,
          null,
          null,
          null,
          null,
          null,
          null,
          null,
          null,
          null,
          null,
          null,
          null,
          null,
          null,
          null,
          null,
          1,
          1,
          1,
          1,
          null,
          1,
          1,
          null,
          null,
          null,
          1,
          1,
          null,
          1,
          null,
          1,
          36,
          0,
          null,
          null,
          null,
          1,
          36,
          2,
          34,
          6,
          6,
          5,
          null,
          null,
          null,
          36,
          2,
          34,
          4,
          4,
          3,
          null,
          null,
          null,
          null
        ]
      },
      "/Users/rsmoke/RailsApps/lsa_evaluate/app/models/entry.rb": {
        "lines": [
          null,
          null,
          null,
          null,
          null,
          null,
          null,
          null,
          null,
          null,
          null,
          null,
          null,
          null,
          null,
          null,
          null,
          null,
          null,
          null,
          null,
          null,
          null,
          null,
          null,
          null,
          null,
          null,
          null,
          null,
          null,
          null,
          null,
          null,
          null,
          1,
          1,
          1,
          1,
          1,
          1,
          null,
          1,
          1,
          1,
          1,
          null,
          1,
          1,
          null,
          1,
          null,
          1,
          null,
          0,
          null,
          null,
          null,
          null,
          null,
          null,
          null,
          null,
          null,
          null,
          null,
          null,
          1,
          0,
          null,
          null,
          1,
          1065,
          null,
          1065,
          1065,
          0,
          null,
          null,
          null,
          1065,
          0,
          null,
          null,
          0,
          null,
          null,
          null,
          1,
          2,
          null,
          null,
          1,
          null,
          1,
          1065,
          1,
          null,
          null,
          null,
          1,
          1065,
          0,
          null,
          null,
          null
        ]
      },
      "/Users/rsmoke/RailsApps/lsa_evaluate/app/models/judging_assignment.rb": {
        "lines": [
          null,
          null,
          null,
          null,
          null,
          null,
          null,
          null,
          null,
          null,
          null,
          null,
          null,
          null,
          null,
          null,
          null,
          null,
          null,
          null,
          null,
          null,
          1,
          1,
          1,
          null,
          1,
          1,
          null,
          19,
          null,
          1,
          null,
          1,
          69,
          2,
          null,
          null,
          null
        ]
      },
      "/Users/rsmoke/RailsApps/lsa_evaluate/app/models/profile.rb": {
        "lines": [
          null,
          null,
          null,
          null,
          null,
          null,
          null,
          null,
          null,
          null,
          null,
          null,
          null,
          null,
          null,
          null,
          null,
          null,
          null,
          null,
          null,
          null,
          null,
          null,
          null,
          null,
          null,
          null,
          null,
          null,
          null,
          null,
          null,
          null,
          null,
          null,
          null,
          null,
          null,
          null,
          null,
          null,
          null,
          null,
          null,
          null,
          null,
          null,
          null,
          null,
          null,
          null,
          null,
          1,
          1,
          null,
          1,
          1,
          1,
          1,
          1,
          null,
          1,
          1,
          null,
          1,
          1,
          null,
          1,
          1,
          1,
          null,
          null,
          null,
          null,
          1,
          1,
          1,
          1,
          1,
          1,
          1,
          1,
          null,
          null,
          1,
          0,
          null,
          null,
          1,
          null,
          1,
          111,
          111,
          null,
          null
        ]
      },
      "/Users/rsmoke/RailsApps/lsa_evaluate/app/models/role.rb": {
        "lines": [
          null,
          null,
          null,
          null,
          null,
          null,
          null,
          null,
          null,
          null,
          null,
          null,
          1,
          1,
          null,
          1,
          1,
          1,
          null,
          2,
          null,
          1,
          0,
          null,
          null
        ]
      },
      "/Users/rsmoke/RailsApps/lsa_evaluate/app/models/school.rb": {
        "lines": [
          null,
          null,
          null,
          null,
          null,
          null,
          null,
          null,
          null,
          null,
          null,
          null,
          null,
          1,
          1,
          1,
          null
        ]
      },
      "/Users/rsmoke/RailsApps/lsa_evaluate/app/models/user_role.rb": {
        "lines": [
          null,
          null,
          null,
          null,
          null,
          null,
          null,
          null,
          null,
          null,
          null,
          null,
          null,
          null,
          null,
          null,
          null,
          null,
          null,
          null,
          null,
          null,
          null,
          1,
          1,
          1,
          null,
          1,
          null
        ]
      },
      "/Users/rsmoke/RailsApps/lsa_evaluate/app/models/visibility.rb": {
        "lines": [
          null,
          null,
          null,
          null,
          null,
          null,
          null,
          null,
          null,
          null,
          1,
          1,
          null,
          1,
          null
        ]
      },
      "/Users/rsmoke/RailsApps/lsa_evaluate/app/policies/address_policy.rb": {
        "lines": [
          null,
          1,
          1,
          4,
          null,
          null,
          1,
          5,
          null,
          null,
          1,
          8,
          null,
          null,
          1,
          4,
          null,
          null,
          1,
          9,
          null,
          null,
          1,
          4,
          null,
          null,
          1,
          4,
          null,
          null,
          1,
          null,
          null,
          1,
          17,
          12,
          null,
          null,
          null,
          null,
          1,
          1,
          2,
          1,
          null,
          1,
          null,
          null,
          null,
          null
        ]
      },
      "/Users/rsmoke/RailsApps/lsa_evaluate/app/policies/application_policy.rb": {
        "lines": [
          null,
          1,
          1,
          null,
          1,
          161,
          161,
          null,
          null,
          null,
          1,
          6,
          null,
          null,
          1,
          4,
          null,
          null,
          1,
          4,
          null,
          null,
          1,
          0,
          null,
          null,
          1,
          4,
          null,
          null,
          1,
          0,
          null,
          null,
          1,
          4,
          null,
          null,
          null,
          1,
          105,
          null,
          null,
          null,
          1,
          1,
          null,
          1,
          9,
          9,
          null,
          null,
          1,
          1,
          1,
          null,
          0,
          null,
          null,
          null,
          null
        ]
      },
      "/Users/rsmoke/RailsApps/lsa_evaluate/app/policies/container_policy.rb": {
        "lines": [
          null,
          1,
          1,
          1,
          3,
          1,
          null,
          2,
          null,
          null,
          null,
          1,
          null,
          1,
          2,
          null,
          null,
          null,
          1,
          2,
          null,
          null,
          1,
          1,
          null,
          null,
          1,
          4,
          null,
          null,
          1,
          5,
          null,
          null,
          1,
          1,
          null,
          null,
          1,
          0,
          null,
          null,
          1,
          8,
          null,
          null,
          1,
          null,
          1,
          2,
          null,
          null,
          1,
          14,
          null,
          null,
          1,
          6,
          null,
          null
        ]
      },
      "/Users/rsmoke/RailsApps/lsa_evaluate/app/policies/contest_instance_policy.rb": {
        "lines": [
          1,
          1,
          5,
          null,
          null,
          1,
          5,
          null,
          null,
          1,
          5,
          null,
          null,
          1,
          5,
          null,
          null,
          1,
          5,
          null,
          null,
          1,
          41,
          null,
          null,
          1,
          6,
          5,
          4,
          3,
          null,
          null
        ]
      },
      "/Users/rsmoke/RailsApps/lsa_evaluate/app/policies/entry_ranking_policy.rb": {
        "lines": [
          1,
          1,
          4,
          null,
          3,
          null,
          null,
          null,
          null,
          null,
          null,
          3,
          null,
          null,
          null,
          null,
          null,
          3,
          null,
          null,
          1,
          5,
          null,
          null,
          1,
          5,
          null,
          null,
          null,
          null,
          1,
          1,
          3,
          1,
          2,
          null,
          1,
          1,
          null,
          null,
          null,
          1,
          null,
          null,
          null,
          null
        ]
      },
      "/Users/rsmoke/RailsApps/lsa_evaluate/app/policies/profile_policy.rb": {
        "lines": [
          1,
          1,
          0,
          null,
          null,
          1,
          1,
          null,
          null,
          1,
          1,
          null,
          null,
          1,
          4,
          null,
          null,
          1,
          4,
          null,
          null,
          1,
          3,
          null,
          null,
          1,
          null,
          1,
          8,
          null,
          null,
          1,
          2,
          null,
          null
        ]
      },
      "/Users/rsmoke/RailsApps/lsa_evaluate/app/policies/role_policy.rb": {
        "lines": [
          1,
          null
        ]
      },
      "/Users/rsmoke/RailsApps/lsa_evaluate/app/policies/user_role_policy.rb": {
        "lines": [
          1,
          null
        ]
      },
      "/Users/rsmoke/RailsApps/lsa_evaluate/app/controllers/static_pages_controller.rb": {
        "lines": [
          null,
          null,
          null,
          1,
          1,
          null,
          1,
          null
        ]
      },
      "/Users/rsmoke/RailsApps/lsa_evaluate/app/controllers/users/omniauth_callbacks_controller.rb": {
        "lines": [
          null,
          null,
          1,
          null,
          null,
          1,
          1,
          1,
          1,
          null,
          1,
          3,
          null,
          null,
          1,
          null,
          1,
          3,
          0,
          0,
          null,
          3,
          3,
          null,
          null,
          null,
          1,
          0,
          null,
          null,
          1,
          3,
          3,
          3,
          null,
          3,
          null,
          null,
          1,
          3,
          3,
          null,
          null,
          1,
          3,
          3,
          0,
          null,
          3,
          3,
          3,
          null,
          3,
          3,
          3,
          null,
          0,
          0,
          0,
          null,
          null,
          null,
          null,
          1,
          null,
          3,
          null,
          null,
          9,
          null,
          null,
          null,
          5,
          null,
          null,
          3,
          null,
          3,
          4,
          null,
          null,
          null,
          null,
          3,
          0,
          0,
          0,
          null,
          null,
          0,
          null,
          null,
          null,
          null,
          0,
          null,
          0,
          0,
          null,
          null,
          1,
          6,
          6,
          null,
          null,
          6,
          null,
          null,
          null,
          null,
          null,
          null,
          null,
          null,
          6,
          6,
          null,
          6,
          null,
          null,
          null
        ]
      },
      "/Users/rsmoke/RailsApps/lsa_evaluate/app/controllers/judge_dashboard_controller.rb": {
        "lines": [
          null,
          1,
          1,
          1,
          null,
          1,
          2,
          null,
          null,
          null,
          null,
          null,
          null,
          null,
          1,
          null,
          1,
          2,
          0,
          null,
          null,
          null
        ]
      },
      "/Users/rsmoke/RailsApps/lsa_evaluate/app/models/judging_round.rb": {
        "lines": [
          null,
          null,
          null,
          null,
          null,
          null,
          null,
          null,
          null,
          null,
          null,
          null,
          null,
          null,
          null,
          null,
          null,
          null,
          null,
          null,
          null,
          null,
          null,
          null,
          null,
          null,
          null,
          1,
          1,
          1,
          1,
          1,
          1,
          null,
          1,
          null,
          1,
          1,
          1,
          1,
          null,
          1,
          0,
          0,
          null,
          null,
          1,
          null,
          1,
          85,
          0,
          null,
          null,
          null,
          1,
          85,
          null,
          83,
          null,
          null,
          null,
          null,
          83,
          0,
          null,
          null,
          null
        ]
      },
      "/Users/rsmoke/RailsApps/lsa_evaluate/app/models/class_level_requirement.rb": {
        "lines": [
          null,
          null,
          null,
          null,
          null,
          null,
          null,
          null,
          null,
          null,
          null,
          null,
          null,
          null,
          null,
          null,
          null,
          null,
          null,
          null,
          null,
          1,
          1,
          1,
          null
        ]
      },
      "/Users/rsmoke/RailsApps/lsa_evaluate/app/models/category_contest_instance.rb": {
        "lines": [
          null,
          null,
          null,
          null,
          null,
          null,
          null,
          null,
          null,
          null,
          null,
          null,
          null,
          null,
          null,
          null,
          null,
          null,
          null,
          null,
          null,
          1,
          1,
          1,
          null
        ]
      },
      "/Users/rsmoke/RailsApps/lsa_evaluate/app/models/round_judge_assignment.rb": {
        "lines": [
          null,
          null,
          null,
          null,
          null,
          null,
          null,
          null,
          null,
          null,
          null,
          null,
          null,
          null,
          null,
          null,
          null,
          null,
          null,
          null,
          null,
          null,
          1,
          1,
          1,
          null,
          1,
          1,
          1,
          null,
          12,
          null,
          1,
          null,
          1,
          24,
          0,
          null,
          null,
          null,
          1,
          24,
          0,
          null,
          null,
          null
        ]
      },
      "/Users/rsmoke/RailsApps/lsa_evaluate/app/models/assignment.rb": {
        "lines": [
          null,
          null,
          null,
          null,
          null,
          null,
          null,
          null,
          null,
          null,
          null,
          null,
          null,
          null,
          null,
          null,
          null,
          null,
          null,
          null,
          null,
          null,
          null,
          null,
          null,
          null,
          null,
          1,
          1,
          1,
          1,
          1,
          null,
          1,
          null,
          1,
          1,
          null,
          null,
          1,
          null,
          1,
          null,
          1,
          null,
          1,
          0,
          null,
          null,
          1,
          0,
          0,
          0,
          null,
          null,
          null
        ]
      },
      "/Users/rsmoke/RailsApps/lsa_evaluate/app/controllers/bulk_contest_instances_controller.rb": {
        "lines": [
          1,
          1,
          1,
          null,
          1,
          5,
          null,
          null,
          5,
          null,
          null,
          1,
          3,
          null,
          null,
          null,
          null,
          3,
          1,
          1,
          null,
          null,
          2,
          1,
          1,
          null,
          null,
          1,
          null,
          1,
          1,
          null,
          0,
          0,
          null,
          null,
          null,
          1,
          null,
          1,
          8,
          null,
          null,
          1,
          8,
          null,
          null,
          1,
          1,
          1,
          1,
          null,
          1,
          1,
          1,
          null,
          1,
          null,
          1,
          null,
          null,
          0,
          null,
          null,
          null,
          null,
          null,
          null,
          null,
          1,
          1,
          1,
          1,
          1,
          null,
          null,
          1,
          1,
          1,
          null,
          null,
          1,
          0,
          0,
          null,
          null,
          null,
          1,
          null,
          null,
          1,
          1,
          1,
          1,
          1,
          null,
          null,
          1,
          1,
          1,
          null,
          null,
          1,
          0,
          0,
          null,
          null
        ]
      },
      "/Users/rsmoke/RailsApps/lsa_evaluate/app/forms/bulk_contest_instance_form.rb": {
        "lines": [
          1,
          1,
          null,
          1,
          null,
          1,
          1,
          null
        ]
      },
      "/Users/rsmoke/RailsApps/lsa_evaluate/app/controllers/containers_controller.rb": {
        "lines": [
          null,
          1,
          1,
          1,
          1,
          1,
          null,
          1,
          1,
          null,
          null,
          1,
          1,
          1,
          1,
          null,
          null,
          1,
          0,
          null,
          null,
          1,
          null,
          1,
          0,
          0,
          0,
          null,
          0,
          0,
          0,
          0,
          null,
          null,
          0,
          0,
          0,
          0,
          null,
          null,
          null,
          null,
          null,
          1,
          0,
          null,
          0,
          0,
          0,
          0,
          null,
          null,
          0,
          0,
          0,
          0,
          null,
          null,
          null,
          null,
          null,
          1,
          0,
          0,
          0,
          0,
          null,
          null,
          0,
          0,
          0,
          null,
          null,
          null,
          null,
          1,
          0,
          null,
          null,
          1,
          0,
          0,
          null,
          null,
          1,
          null,
          1,
          1,
          null,
          null,
          1,
          1,
          null,
          null,
          1,
          2,
          null,
          null,
          1,
          0,
          null,
          null,
          null
        ]
      },
      "/Users/rsmoke/RailsApps/lsa_evaluate/app/controllers/entries_controller.rb": {
        "lines": [
          1,
          1,
          1,
          1,
          1,
          null,
          null,
          1,
          null,
          1,
          null,
          null,
          null,
          1,
          0,
          null,
          null,
          null,
          1,
          0,
          0,
          null,
          null,
          null,
          0,
          null,
          null,
          null,
          1,
          null,
          0,
          null,
          null,
          1,
          0,
          0,
          0,
          null,
          null,
          null,
          0,
          0,
          0,
          null,
          null,
          0,
          null,
          0,
          null,
          null,
          null,
          null,
          1,
          0,
          0,
          0,
          0,
          0,
          null,
          0,
          0,
          null,
          null,
          null,
          null,
          null,
          1,
          0,
          0,
          null,
          0,
          0,
          0,
          null,
          null,
          null,
          1,
          0,
          0,
          0,
          0,
          0,
          0,
          null,
          0,
          0,
          0,
          0,
          null,
          null,
          0,
          0,
          0,
          0,
          null,
          null,
          null,
          0,
          0,
          0,
          0,
          null,
          null,
          null,
          null,
          1,
          0,
          0,
          0,
          0,
          0,
          0,
          0,
          null,
          null,
          0,
          0,
          0,
          0,
          null,
          null,
          null,
          null,
          1,
          null,
          1,
          0,
          null,
          null,
          1,
          0,
          null,
          null,
          1,
          2,
          null,
          null,
          1,
          0,
          null,
          null,
          null,
          null,
          null
        ]
      },
      "/Users/rsmoke/RailsApps/lsa_evaluate/app/policies/entry_policy.rb": {
        "lines": [
          1,
          1,
          0,
          null,
          null,
          1,
          0,
          null,
          null,
          1,
          0,
          null,
          null
        ]
      },
      "/Users/rsmoke/RailsApps/lsa_evaluate/app/channels/application_cable/channel.rb": {
        "lines": [
          null,
          null,
          0,
          0,
          0,
          0
        ],
        "branches": {
        }
      },
      "/Users/rsmoke/RailsApps/lsa_evaluate/app/channels/application_cable/connection.rb": {
        "lines": [
          null,
          null,
          0,
          0,
          0,
          0
        ],
        "branches": {
        }
      },
      "/Users/rsmoke/RailsApps/lsa_evaluate/app/controllers/address_types_controller.rb": {
        "lines": [
          null,
          0,
          0,
          null,
          0,
          0,
          0,
          0,
          null,
          0,
          0,
          0,
          null,
          0,
          0,
          0,
          0,
          null,
          0,
          0,
          0,
          null,
          0,
          0,
          0,
          null,
          0,
          0,
          0,
          0,
          0,
          0,
          0,
          0,
          null,
          0,
          0,
          0,
          0,
          0,
          0,
          0,
          0,
          0,
          0,
          null,
          0,
          0,
          0,
          null,
          0,
          0,
          0,
          0,
          null,
          0,
          null,
          0,
          0,
          0,
          null,
          0,
          0,
          0,
          0
        ],
        "branches": {
        }
      },
      "/Users/rsmoke/RailsApps/lsa_evaluate/app/controllers/addresses_controller.rb": {
        "lines": [
          null,
          0,
          0,
          null,
          0,
          0,
          0,
          0,
          null,
          0,
          0,
          0,
          null,
          0,
          0,
          0,
          0,
          null,
          0,
          0,
          0,
          null,
          0,
          0,
          0,
          null,
          0,
          0,
          0,
          0,
          0,
          0,
          0,
          0,
          null,
          0,
          0,
          null,
          0,
          0,
          0,
          0,
          0,
          0,
          0,
          0,
          null,
          0,
          0,
          0,
          null,
          0,
          0,
          0,
          0,
          0,
          0,
          0,
          null,
          0,
          null,
          0,
          0,
          0,
          null,
          0,
          0,
          0,
          0
        ],
        "branches": {
        }
      },
      "/Users/rsmoke/RailsApps/lsa_evaluate/app/controllers/assignments_controller.rb": {
        "lines": [
          0,
          0,
          0,
          null,
          0,
          0,
          0,
          null,
          0,
          0,
          0,
          0,
          0,
          0,
          0,
          0,
          0,
          0,
          null,
          0,
          0,
          0,
          0,
          0,
          0,
          0,
          0,
          0,
          0,
          0,
          0,
          0,
          0,
          null,
          0,
          0,
          null,
          0,
          0,
          0,
          0,
          0,
          0,
          0,
          null,
          0,
          0,
          0,
          0,
          0,
          null,
          0,
          null,
          0,
          0,
          0,
          null,
          0,
          0,
          0,
          0
        ],
        "branches": {
        }
      },
      "/Users/rsmoke/RailsApps/lsa_evaluate/app/controllers/campuses_controller.rb": {
        "lines": [
          0,
          0,
          null,
          0,
          0,
          0,
          0,
          null,
          0,
          0,
          0,
          null,
          0,
          0,
          0,
          0,
          null,
          0,
          0,
          0,
          null,
          0,
          0,
          0,
          null,
          0,
          0,
          0,
          0,
          0,
          0,
          0,
          0,
          null,
          0,
          0,
          0,
          0,
          0,
          0,
          0,
          0,
          0,
          0,
          null,
          0,
          0,
          0,
          null,
          0,
          0,
          0,
          0,
          null,
          0,
          null,
          0,
          0,
          0,
          null,
          0,
          0,
          0,
          0
        ],
        "branches": {
        }
      },
      "/Users/rsmoke/RailsApps/lsa_evaluate/app/controllers/categories_controller.rb": {
        "lines": [
          0,
          0,
          null,
          0,
          0,
          0,
          0,
          null,
          0,
          0,
          0,
          null,
          0,
          0,
          0,
          0,
          null,
          0,
          0,
          0,
          null,
          0,
          0,
          0,
          null,
          0,
          0,
          0,
          0,
          0,
          0,
          0,
          0,
          null,
          0,
          0,
          0,
          0,
          0,
          0,
          0,
          0,
          0,
          0,
          null,
          0,
          0,
          0,
          null,
          0,
          0,
          0,
          0,
          null,
          0,
          null,
          0,
          0,
          0,
          null,
          0,
          0,
          0,
          0
        ],
        "branches": {
        }
      },
      "/Users/rsmoke/RailsApps/lsa_evaluate/app/controllers/class_levels_controller.rb": {
        "lines": [
          0,
          0,
          null,
          0,
          0,
          0,
          0,
          null,
          0,
          0,
          0,
          null,
          0,
          0,
          0,
          0,
          null,
          0,
          0,
          0,
          null,
          0,
          0,
          0,
          null,
          0,
          0,
          0,
          0,
          0,
          0,
          0,
          0,
          null,
          0,
          0,
          0,
          0,
          0,
          0,
          0,
          0,
          0,
          0,
          null,
          0,
          0,
          0,
          null,
          0,
          0,
          0,
          0,
          null,
          0,
          null,
          0,
          0,
          0,
          null,
          0,
          0,
          0,
          0
        ],
        "branches": {
        }
      },
      "/Users/rsmoke/RailsApps/lsa_evaluate/app/controllers/contest_descriptions_controller.rb": {
        "lines": [
          0,
          0,
          0,
          0,
          0,
          null,
          0,
          null,
          0,
          0,
          0,
          null,
          0,
          null,
          0,
          0,
          0,
          0,
          null,
          0,
          null,
          0,
          0,
          0,
          0,
          0,
          null,
          0,
          0,
          0,
          null,
          0,
          0,
          0,
          0,
          0,
          0,
          0,
          0,
          0,
          0,
          0,
          0,
          0,
          null,
          0,
          0,
          0,
          0,
          0,
          0,
          0,
          0,
          0,
          0,
          null,
          0,
          null,
          0,
          0,
          0,
          null,
          0,
          0,
          0,
          null,
          0,
          0,
          0,
          0,
          0,
          0,
          0,
          0,
          0,
          0,
          0,
          0,
          0,
          null,
          0,
          0,
          0,
          null,
          0,
          0,
          0,
          null,
          0,
          0,
          0,
          0,
          0,
          0,
          0
        ],
        "branches": {
        }
      },
      "/Users/rsmoke/RailsApps/lsa_evaluate/app/controllers/contest_instances_controller.rb": {
        "lines": [
          0,
          0,
          0,
          0,
          0,
          null,
          null,
          0,
          0,
          0,
          null,
          0,
          0,
          null,
          null,
          0,
          0,
          0,
          0,
          null,
          0,
          0,
          null,
          0,
          0,
          0,
          0,
          0,
          0,
          null,
          0,
          0,
          0,
          0,
          null,
          null,
          0,
          0,
          0,
          0,
          0,
          null,
          null,
          0,
          null,
          null,
          0,
          0,
          0,
          null,
          0,
          0,
          0,
          0,
          0,
          0,
          null,
          0,
          0,
          0,
          0,
          0,
          0,
          0,
          null,
          null,
          0,
          0,
          0,
          0,
          0,
          0,
          0,
          0,
          0,
          0,
          0,
          0,
          0,
          null,
          0,
          null,
          0,
          0,
          0,
          null,
          0,
          0,
          0,
          null,
          0,
          0,
          0,
          null,
          0,
          0,
          0,
          null,
          0,
          0,
          0,
          0,
          null,
          0,
          0,
          0,
          0,
          0,
          0,
          0,
          0,
          0,
          0,
          0,
          0,
          0,
          0
        ],
        "branches": {
        }
      },
      "/Users/rsmoke/RailsApps/lsa_evaluate/app/controllers/departments_controller.rb": {
        "lines": [
          0,
          0,
          null,
          0,
          0,
          0,
          0,
          null,
          0,
          0,
          0,
          null,
          0,
          0,
          0,
          0,
          null,
          0,
          0,
          0,
          null,
          0,
          0,
          0,
          null,
          0,
          0,
          0,
          0,
          0,
          0,
          0,
          0,
          null,
          0,
          0,
          0,
          0,
          0,
          0,
          0,
          0,
          0,
          0,
          null,
          0,
          0,
          0,
          null,
          0,
          0,
          0,
          0,
          null,
          0,
          null,
          0,
          0,
          0,
          null,
          0,
          0,
          0,
          0
        ],
        "branches": {
        }
      },
      "/Users/rsmoke/RailsApps/lsa_evaluate/app/controllers/editable_contents_controller.rb": {
        "lines": [
          null,
          null,
          0,
          0,
          0,
          null,
          0,
          0,
          0,
          0,
          null,
          0,
          0,
          0,
          null,
          0,
          0,
          0,
          0,
          0,
          0,
          0,
          0,
          0,
          null,
          0,
          null,
          0,
          0,
          0,
          null,
          0,
          0,
          0,
          null,
          0,
          0,
          0,
          0
        ],
        "branches": {
        }
      },
      "/Users/rsmoke/RailsApps/lsa_evaluate/app/controllers/errors_controller.rb": {
        "lines": [
          null,
          0,
          0,
          null,
          0,
          0,
          0,
          0,
          0,
          0,
          0,
          null,
          0,
          0,
          0,
          0,
          0,
          0,
          0,
          0
        ],
        "branches": {
        }
      },
      "/Users/rsmoke/RailsApps/lsa_evaluate/app/controllers/profiles_controller.rb": {
        "lines": [
          null,
          null,
          0,
          0,
          0,
          null,
          null,
          0,
          0,
          0,
          0,
          0,
          0,
          0,
          0,
          0,
          0,
          0,
          0,
          null,
          null,
          0,
          null,
          null,
          0,
          0,
          0,
          0,
          0,
          0,
          0,
          0,
          0,
          0,
          null,
          null,
          0,
          null,
          null,
          0,
          0,
          0,
          null,
          0,
          0,
          0,
          0,
          0,
          0,
          0,
          0,
          null,
          null,
          0,
          0,
          0,
          0,
          0,
          0,
          0,
          0,
          0,
          null,
          null,
          0,
          0,
          null,
          0,
          0,
          0,
          0,
          null,
          0,
          null,
          null,
          0,
          0,
          0,
          null,
          0,
          0,
          0,
          null,
          0,
          0,
          0,
          0,
          0,
          0,
          0,
          0,
          0,
          0
        ],
        "branches": {
        }
      },
      "/Users/rsmoke/RailsApps/lsa_evaluate/app/controllers/roles_controller.rb": {
        "lines": [
          0,
          0,
          null,
          null,
          0,
          0,
          0,
          0,
          null,
          null,
          0,
          0,
          0,
          null,
          null,
          0,
          0,
          0,
          0,
          null,
          null,
          0,
          0,
          0,
          null,
          null,
          0,
          0,
          0,
          0,
          0,
          0,
          0,
          0,
          0,
          null,
          null,
          0,
          0,
          0,
          0,
          0,
          0,
          0,
          0,
          null,
          null,
          0,
          0,
          0,
          0,
          0,
          null,
          0,
          null,
          0,
          0,
          0,
          null,
          0,
          0,
          0,
          0
        ],
        "branches": {
        }
      },
      "/Users/rsmoke/RailsApps/lsa_evaluate/app/controllers/round_judge_assignments_controller.rb": {
        "lines": [
          0,
          0,
          0,
          0,
          null,
          0,
          0,
          0,
          0,
          0,
          null,
          0,
          0,
          null,
          0,
          0,
          0,
          0,
          0,
          0,
          0,
          0,
          0,
          0,
          null,
          0,
          0,
          0,
          0,
          0,
          0,
          null,
          0,
          null,
          0,
          0,
          0,
          0,
          0,
          0,
          null,
          0,
          0,
          0,
          null,
          0,
          0,
          0,
          null,
          0,
          0,
          0,
          0
        ],
        "branches": {
        }
      },
      "/Users/rsmoke/RailsApps/lsa_evaluate/app/controllers/schools_controller.rb": {
        "lines": [
          0,
          0,
          null,
          0,
          0,
          0,
          0,
          null,
          0,
          0,
          0,
          null,
          0,
          0,
          0,
          0,
          null,
          0,
          0,
          0,
          null,
          0,
          0,
          0,
          null,
          0,
          0,
          0,
          0,
          0,
          0,
          0,
          0,
          null,
          0,
          0,
          0,
          0,
          0,
          0,
          0,
          0,
          0,
          0,
          null,
          0,
          0,
          0,
          null,
          0,
          0,
          0,
          0,
          null,
          0,
          null,
          0,
          0,
          0,
          null,
          0,
          0,
          0,
          0
        ],
        "branches": {
        }
      },
      "/Users/rsmoke/RailsApps/lsa_evaluate/app/controllers/user_roles_controller.rb": {
        "lines": [
          null,
          0,
          0,
          null,
          0,
          0,
          0,
          0,
          null,
          0,
          0,
          0,
          null,
          0,
          0,
          0,
          0,
          null,
          0,
          0,
          0,
          null,
          0,
          0,
          0,
          0,
          0,
          0,
          0,
          0,
          0,
          0,
          0,
          null,
          0,
          0,
          0,
          0,
          0,
          0,
          0,
          0,
          0,
          0,
          null,
          0,
          0,
          0,
          0,
          0,
          0,
          0,
          null,
          0,
          null,
          0,
          0,
          0,
          null,
          0,
          0,
          0,
          0
        ],
        "branches": {
        }
      },
      "/Users/rsmoke/RailsApps/lsa_evaluate/app/controllers/users/sessions_controller.rb": {
        "lines": [
          null,
          null,
          0,
          null,
          0,
          null,
          0,
          0,
          0,
          0,
          0,
          0,
          0,
          0,
          null,
          null,
          null,
          null,
          null,
          0,
          0,
          0,
          0,
          0,
          0,
          0,
          0,
          0
        ],
        "branches": {
        }
      },
      "/Users/rsmoke/RailsApps/lsa_evaluate/app/controllers/visibilities_controller.rb": {
        "lines": [
          0,
          0,
          null,
          0,
          0,
          0,
          0,
          null,
          0,
          0,
          0,
          null,
          0,
          0,
          0,
          0,
          null,
          0,
          0,
          0,
          null,
          0,
          0,
          0,
          null,
          0,
          0,
          0,
          0,
          0,
          0,
          0,
          0,
          null,
          0,
          0,
          0,
          0,
          0,
          0,
          0,
          0,
          0,
          0,
          null,
          0,
          0,
          0,
          null,
          0,
          0,
          0,
          0,
          null,
          0,
          null,
          0,
          0,
          0,
          null,
          0,
          0,
          0,
          0
        ],
        "branches": {
        }
      },
      "/Users/rsmoke/RailsApps/lsa_evaluate/app/inputs/datetime_local_input.rb": {
        "lines": [
          0,
          0,
          0,
          0,
          0,
          null,
          0,
          0,
          0
        ],
        "branches": {
        }
      },
      "/Users/rsmoke/RailsApps/lsa_evaluate/app/jobs/application_job.rb": {
        "lines": [
          null,
          null,
          0,
          null,
          null,
          null,
          null,
          null,
          0
        ],
        "branches": {
        }
      },
      "/Users/rsmoke/RailsApps/lsa_evaluate/app/mailers/application_mailer.rb": {
        "lines": [
          null,
          null,
          0,
          0,
          0,
          0,
          0
        ],
        "branches": {
        }
      },
      "/Users/rsmoke/RailsApps/lsa_evaluate/app/mailers/custom_devise_mailer.rb": {
        "lines": [
          0,
          null,
          0,
          null,
          0,
          0
        ],
        "branches": {
        }
      },
      "/Users/rsmoke/RailsApps/lsa_evaluate/app/policies/address_type_policy.rb": {
        "lines": [
          0,
          0
        ],
        "branches": {
        }
      },
      "/Users/rsmoke/RailsApps/lsa_evaluate/app/policies/campus_policy.rb": {
        "lines": [
          0,
          0
        ],
        "branches": {
        }
      },
      "/Users/rsmoke/RailsApps/lsa_evaluate/app/policies/category_policy.rb": {
        "lines": [
          0,
          0
        ],
        "branches": {
        }
      },
      "/Users/rsmoke/RailsApps/lsa_evaluate/app/policies/class_level_policy.rb": {
        "lines": [
          0,
          0
        ],
        "branches": {
        }
      },
      "/Users/rsmoke/RailsApps/lsa_evaluate/app/policies/contest_description_policy.rb": {
        "lines": [
          0,
          0,
          0,
          0,
          null,
          0,
          0,
          0,
          null,
          0,
          0,
          0,
          null,
          0,
          0,
          0,
          null,
          0,
          0,
          0,
          null,
          0,
          0,
          0,
          null,
          0,
          0,
          0,
          null,
          0,
          0,
          0,
          0
        ],
        "branches": {
        }
      },
      "/Users/rsmoke/RailsApps/lsa_evaluate/app/policies/department_policy.rb": {
        "lines": [
          0,
          0
        ],
        "branches": {
        }
      },
      "/Users/rsmoke/RailsApps/lsa_evaluate/app/policies/editable_content_policy.rb": {
        "lines": [
          0,
          0
        ],
        "branches": {
        }
      },
      "/Users/rsmoke/RailsApps/lsa_evaluate/app/policies/judging_assignment_policy.rb": {
        "lines": [
          0,
          0,
          0,
          0,
          null,
          0,
          0,
          0,
          null,
          0,
          0,
          0,
          0,
          0,
          0
        ],
        "branches": {
        }
      },
      "/Users/rsmoke/RailsApps/lsa_evaluate/app/policies/judging_round_policy.rb": {
        "lines": [
          0,
          0,
          0,
          0,
          0,
          0,
          null,
          0,
          0,
          0,
          null,
          0,
          0,
          0,
          null,
          0,
          0,
          0,
          null,
          0,
          0,
          0,
          null,
          0,
          0,
          0,
          null,
          0,
          0,
          0,
          0
        ],
        "branches": {
        }
      },
      "/Users/rsmoke/RailsApps/lsa_evaluate/app/policies/school_policy.rb": {
        "lines": [
          0,
          0
        ],
        "branches": {
        }
      },
      "/Users/rsmoke/RailsApps/lsa_evaluate/app/policies/visibility_policy.rb": {
        "lines": [
          0,
          0
        ],
        "branches": {
        }
      }
    },
    "timestamp": 1733764265
  }
}
